<?xml version="1.0" encoding="UTF-8"?>
<testsuite xmlns:xsi="http://www.w3.org/2001/XMLSchema-instance" xsi:noNamespaceSchemaLocation="https://maven.apache.org/surefire/maven-surefire-plugin/xsd/surefire-test-report.xsd" name="runners.Runner" time="10.905" tests="2" errors="0" skipped="0" failures="0">
  <properties>
    <property name="java.specification.version" value="18"/>
    <property name="sun.jnu.encoding" value="UTF-8"/>
    <property name="java.class.path" value="/Users/uthmanmusleh/IdeaProjects/cucumber_second_project/target/test-classes:/Users/uthmanmusleh/IdeaProjects/cucumber_second_project/target/classes:/Users/uthmanmusleh/.m2/repository/org/seleniumhq/selenium/selenium-java/3.141.59/selenium-java-3.141.59.jar:/Users/uthmanmusleh/.m2/repository/org/seleniumhq/selenium/selenium-api/3.141.59/selenium-api-3.141.59.jar:/Users/uthmanmusleh/.m2/repository/org/seleniumhq/selenium/selenium-chrome-driver/3.141.59/selenium-chrome-driver-3.141.59.jar:/Users/uthmanmusleh/.m2/repository/org/seleniumhq/selenium/selenium-edge-driver/3.141.59/selenium-edge-driver-3.141.59.jar:/Users/uthmanmusleh/.m2/repository/org/seleniumhq/selenium/selenium-firefox-driver/3.141.59/selenium-firefox-driver-3.141.59.jar:/Users/uthmanmusleh/.m2/repository/org/seleniumhq/selenium/selenium-ie-driver/3.141.59/selenium-ie-driver-3.141.59.jar:/Users/uthmanmusleh/.m2/repository/org/seleniumhq/selenium/selenium-opera-driver/3.141.59/selenium-opera-driver-3.141.59.jar:/Users/uthmanmusleh/.m2/repository/org/seleniumhq/selenium/selenium-remote-driver/3.141.59/selenium-remote-driver-3.141.59.jar:/Users/uthmanmusleh/.m2/repository/org/seleniumhq/selenium/selenium-safari-driver/3.141.59/selenium-safari-driver-3.141.59.jar:/Users/uthmanmusleh/.m2/repository/org/seleniumhq/selenium/selenium-support/3.141.59/selenium-support-3.141.59.jar:/Users/uthmanmusleh/.m2/repository/net/bytebuddy/byte-buddy/1.8.15/byte-buddy-1.8.15.jar:/Users/uthmanmusleh/.m2/repository/org/apache/commons/commons-exec/1.3/commons-exec-1.3.jar:/Users/uthmanmusleh/.m2/repository/com/google/guava/guava/25.0-jre/guava-25.0-jre.jar:/Users/uthmanmusleh/.m2/repository/com/google/code/findbugs/jsr305/1.3.9/jsr305-1.3.9.jar:/Users/uthmanmusleh/.m2/repository/org/checkerframework/checker-compat-qual/2.0.0/checker-compat-qual-2.0.0.jar:/Users/uthmanmusleh/.m2/repository/com/google/errorprone/error_prone_annotations/2.1.3/error_prone_annotations-2.1.3.jar:/Users/uthmanmusleh/.m2/repository/com/google/j2objc/j2objc-annotations/1.1/j2objc-annotations-1.1.jar:/Users/uthmanmusleh/.m2/repository/org/codehaus/mojo/animal-sniffer-annotations/1.14/animal-sniffer-annotations-1.14.jar:/Users/uthmanmusleh/.m2/repository/com/squareup/okhttp3/okhttp/3.11.0/okhttp-3.11.0.jar:/Users/uthmanmusleh/.m2/repository/com/squareup/okio/okio/1.14.0/okio-1.14.0.jar:/Users/uthmanmusleh/.m2/repository/io/github/bonigarcia/webdrivermanager/3.8.1/webdrivermanager-3.8.1.jar:/Users/uthmanmusleh/.m2/repository/org/slf4j/slf4j-api/1.7.25/slf4j-api-1.7.25.jar:/Users/uthmanmusleh/.m2/repository/commons-io/commons-io/2.6/commons-io-2.6.jar:/Users/uthmanmusleh/.m2/repository/com/google/code/gson/gson/2.8.5/gson-2.8.5.jar:/Users/uthmanmusleh/.m2/repository/org/apache/commons/commons-lang3/3.8.1/commons-lang3-3.8.1.jar:/Users/uthmanmusleh/.m2/repository/org/apache/httpcomponents/httpclient/4.5.6/httpclient-4.5.6.jar:/Users/uthmanmusleh/.m2/repository/org/apache/httpcomponents/httpcore/4.4.10/httpcore-4.4.10.jar:/Users/uthmanmusleh/.m2/repository/commons-logging/commons-logging/1.2/commons-logging-1.2.jar:/Users/uthmanmusleh/.m2/repository/commons-codec/commons-codec/1.10/commons-codec-1.10.jar:/Users/uthmanmusleh/.m2/repository/org/rauschig/jarchivelib/1.0.0/jarchivelib-1.0.0.jar:/Users/uthmanmusleh/.m2/repository/org/apache/commons/commons-compress/1.18/commons-compress-1.18.jar:/Users/uthmanmusleh/.m2/repository/org/jsoup/jsoup/1.11.3/jsoup-1.11.3.jar:/Users/uthmanmusleh/.m2/repository/net/sourceforge/htmlunit/webdriver/2.6/webdriver-2.6.jar:/Users/uthmanmusleh/.m2/repository/org/seleniumhq/webdriver/webdriver-common/0.9.7089/webdriver-common-0.9.7089.jar:/Users/uthmanmusleh/.m2/repository/net/sourceforge/htmlunit/htmlunit/2.6/htmlunit-2.6.jar:/Users/uthmanmusleh/.m2/repository/xalan/xalan/2.7.1/xalan-2.7.1.jar:/Users/uthmanmusleh/.m2/repository/xalan/serializer/2.7.1/serializer-2.7.1.jar:/Users/uthmanmusleh/.m2/repository/commons-collections/commons-collections/3.2.1/commons-collections-3.2.1.jar:/Users/uthmanmusleh/.m2/repository/commons-lang/commons-lang/2.4/commons-lang-2.4.jar:/Users/uthmanmusleh/.m2/repository/commons-httpclient/commons-httpclient/3.1/commons-httpclient-3.1.jar:/Users/uthmanmusleh/.m2/repository/net/sourceforge/htmlunit/htmlunit-core-js/2.6/htmlunit-core-js-2.6.jar:/Users/uthmanmusleh/.m2/repository/xerces/xercesImpl/2.9.1/xercesImpl-2.9.1.jar:/Users/uthmanmusleh/.m2/repository/xml-apis/xml-apis/1.3.04/xml-apis-1.3.04.jar:/Users/uthmanmusleh/.m2/repository/net/sourceforge/nekohtml/nekohtml/1.9.13/nekohtml-1.9.13.jar:/Users/uthmanmusleh/.m2/repository/net/sourceforge/cssparser/cssparser/0.9.5/cssparser-0.9.5.jar:/Users/uthmanmusleh/.m2/repository/org/w3c/css/sac/1.3/sac-1.3.jar:/Users/uthmanmusleh/.m2/repository/io/cucumber/cucumber-java/4.2.0/cucumber-java-4.2.0.jar:/Users/uthmanmusleh/.m2/repository/io/cucumber/cucumber-core/4.2.0/cucumber-core-4.2.0.jar:/Users/uthmanmusleh/.m2/repository/io/cucumber/cucumber-html/0.2.7/cucumber-html-0.2.7.jar:/Users/uthmanmusleh/.m2/repository/io/cucumber/gherkin/5.1.0/gherkin-5.1.0.jar:/Users/uthmanmusleh/.m2/repository/io/cucumber/tag-expressions/1.1.1/tag-expressions-1.1.1.jar:/Users/uthmanmusleh/.m2/repository/io/cucumber/cucumber-expressions/6.2.0/cucumber-expressions-6.2.0.jar:/Users/uthmanmusleh/.m2/repository/io/cucumber/datatable/1.1.7/datatable-1.1.7.jar:/Users/uthmanmusleh/.m2/repository/io/cucumber/datatable-dependencies/1.1.7/datatable-dependencies-1.1.7.jar:/Users/uthmanmusleh/.m2/repository/io/cucumber/cucumber-junit/4.2.0/cucumber-junit-4.2.0.jar:/Users/uthmanmusleh/.m2/repository/junit/junit/4.12/junit-4.12.jar:/Users/uthmanmusleh/.m2/repository/org/hamcrest/hamcrest-core/1.3/hamcrest-core-1.3.jar:/Users/uthmanmusleh/.m2/repository/com/github/javafaker/javafaker/1.0.2/javafaker-1.0.2.jar:/Users/uthmanmusleh/.m2/repository/org/yaml/snakeyaml/1.23/snakeyaml-1.23-android.jar:/Users/uthmanmusleh/.m2/repository/com/github/mifmif/generex/1.0.2/generex-1.0.2.jar:/Users/uthmanmusleh/.m2/repository/dk/brics/automaton/automaton/1.11-8/automaton-1.11-8.jar:"/>
    <property name="java.vm.vendor" value="Homebrew"/>
    <property name="sun.arch.data.model" value="64"/>
    <property name="java.vendor.url" value="https://github.com/Homebrew/homebrew-core/issues"/>
    <property name="os.name" value="Mac OS X"/>
    <property name="java.vm.specification.version" value="18"/>
    <property name="sun.java.launcher" value="SUN_STANDARD"/>
    <property name="user.country" value="US"/>
    <property name="sun.boot.library.path" value="/usr/local/Cellar/openjdk/18.0.1/libexec/openjdk.jdk/Contents/Home/lib"/>
    <property name="sun.java.command" value="/Users/uthmanmusleh/IdeaProjects/cucumber_second_project/target/surefire/surefirebooter5400802766891778232.jar /Users/uthmanmusleh/IdeaProjects/cucumber_second_project/target/surefire 2022-07-11T12-53-43_509-jvmRun1 surefire1346870069907258255tmp surefire_0384217359197910444tmp"/>
    <property name="http.nonProxyHosts" value="local|*.local|169.254/16|*.169.254/16"/>
    <property name="jdk.debug" value="release"/>
    <property name="surefire.test.class.path" value="/Users/uthmanmusleh/IdeaProjects/cucumber_second_project/target/test-classes:/Users/uthmanmusleh/IdeaProjects/cucumber_second_project/target/classes:/Users/uthmanmusleh/.m2/repository/org/seleniumhq/selenium/selenium-java/3.141.59/selenium-java-3.141.59.jar:/Users/uthmanmusleh/.m2/repository/org/seleniumhq/selenium/selenium-api/3.141.59/selenium-api-3.141.59.jar:/Users/uthmanmusleh/.m2/repository/org/seleniumhq/selenium/selenium-chrome-driver/3.141.59/selenium-chrome-driver-3.141.59.jar:/Users/uthmanmusleh/.m2/repository/org/seleniumhq/selenium/selenium-edge-driver/3.141.59/selenium-edge-driver-3.141.59.jar:/Users/uthmanmusleh/.m2/repository/org/seleniumhq/selenium/selenium-firefox-driver/3.141.59/selenium-firefox-driver-3.141.59.jar:/Users/uthmanmusleh/.m2/repository/org/seleniumhq/selenium/selenium-ie-driver/3.141.59/selenium-ie-driver-3.141.59.jar:/Users/uthmanmusleh/.m2/repository/org/seleniumhq/selenium/selenium-opera-driver/3.141.59/selenium-opera-driver-3.141.59.jar:/Users/uthmanmusleh/.m2/repository/org/seleniumhq/selenium/selenium-remote-driver/3.141.59/selenium-remote-driver-3.141.59.jar:/Users/uthmanmusleh/.m2/repository/org/seleniumhq/selenium/selenium-safari-driver/3.141.59/selenium-safari-driver-3.141.59.jar:/Users/uthmanmusleh/.m2/repository/org/seleniumhq/selenium/selenium-support/3.141.59/selenium-support-3.141.59.jar:/Users/uthmanmusleh/.m2/repository/net/bytebuddy/byte-buddy/1.8.15/byte-buddy-1.8.15.jar:/Users/uthmanmusleh/.m2/repository/org/apache/commons/commons-exec/1.3/commons-exec-1.3.jar:/Users/uthmanmusleh/.m2/repository/com/google/guava/guava/25.0-jre/guava-25.0-jre.jar:/Users/uthmanmusleh/.m2/repository/com/google/code/findbugs/jsr305/1.3.9/jsr305-1.3.9.jar:/Users/uthmanmusleh/.m2/repository/org/checkerframework/checker-compat-qual/2.0.0/checker-compat-qual-2.0.0.jar:/Users/uthmanmusleh/.m2/repository/com/google/errorprone/error_prone_annotations/2.1.3/error_prone_annotations-2.1.3.jar:/Users/uthmanmusleh/.m2/repository/com/google/j2objc/j2objc-annotations/1.1/j2objc-annotations-1.1.jar:/Users/uthmanmusleh/.m2/repository/org/codehaus/mojo/animal-sniffer-annotations/1.14/animal-sniffer-annotations-1.14.jar:/Users/uthmanmusleh/.m2/repository/com/squareup/okhttp3/okhttp/3.11.0/okhttp-3.11.0.jar:/Users/uthmanmusleh/.m2/repository/com/squareup/okio/okio/1.14.0/okio-1.14.0.jar:/Users/uthmanmusleh/.m2/repository/io/github/bonigarcia/webdrivermanager/3.8.1/webdrivermanager-3.8.1.jar:/Users/uthmanmusleh/.m2/repository/org/slf4j/slf4j-api/1.7.25/slf4j-api-1.7.25.jar:/Users/uthmanmusleh/.m2/repository/commons-io/commons-io/2.6/commons-io-2.6.jar:/Users/uthmanmusleh/.m2/repository/com/google/code/gson/gson/2.8.5/gson-2.8.5.jar:/Users/uthmanmusleh/.m2/repository/org/apache/commons/commons-lang3/3.8.1/commons-lang3-3.8.1.jar:/Users/uthmanmusleh/.m2/repository/org/apache/httpcomponents/httpclient/4.5.6/httpclient-4.5.6.jar:/Users/uthmanmusleh/.m2/repository/org/apache/httpcomponents/httpcore/4.4.10/httpcore-4.4.10.jar:/Users/uthmanmusleh/.m2/repository/commons-logging/commons-logging/1.2/commons-logging-1.2.jar:/Users/uthmanmusleh/.m2/repository/commons-codec/commons-codec/1.10/commons-codec-1.10.jar:/Users/uthmanmusleh/.m2/repository/org/rauschig/jarchivelib/1.0.0/jarchivelib-1.0.0.jar:/Users/uthmanmusleh/.m2/repository/org/apache/commons/commons-compress/1.18/commons-compress-1.18.jar:/Users/uthmanmusleh/.m2/repository/org/jsoup/jsoup/1.11.3/jsoup-1.11.3.jar:/Users/uthmanmusleh/.m2/repository/net/sourceforge/htmlunit/webdriver/2.6/webdriver-2.6.jar:/Users/uthmanmusleh/.m2/repository/org/seleniumhq/webdriver/webdriver-common/0.9.7089/webdriver-common-0.9.7089.jar:/Users/uthmanmusleh/.m2/repository/net/sourceforge/htmlunit/htmlunit/2.6/htmlunit-2.6.jar:/Users/uthmanmusleh/.m2/repository/xalan/xalan/2.7.1/xalan-2.7.1.jar:/Users/uthmanmusleh/.m2/repository/xalan/serializer/2.7.1/serializer-2.7.1.jar:/Users/uthmanmusleh/.m2/repository/commons-collections/commons-collections/3.2.1/commons-collections-3.2.1.jar:/Users/uthmanmusleh/.m2/repository/commons-lang/commons-lang/2.4/commons-lang-2.4.jar:/Users/uthmanmusleh/.m2/repository/commons-httpclient/commons-httpclient/3.1/commons-httpclient-3.1.jar:/Users/uthmanmusleh/.m2/repository/net/sourceforge/htmlunit/htmlunit-core-js/2.6/htmlunit-core-js-2.6.jar:/Users/uthmanmusleh/.m2/repository/xerces/xercesImpl/2.9.1/xercesImpl-2.9.1.jar:/Users/uthmanmusleh/.m2/repository/xml-apis/xml-apis/1.3.04/xml-apis-1.3.04.jar:/Users/uthmanmusleh/.m2/repository/net/sourceforge/nekohtml/nekohtml/1.9.13/nekohtml-1.9.13.jar:/Users/uthmanmusleh/.m2/repository/net/sourceforge/cssparser/cssparser/0.9.5/cssparser-0.9.5.jar:/Users/uthmanmusleh/.m2/repository/org/w3c/css/sac/1.3/sac-1.3.jar:/Users/uthmanmusleh/.m2/repository/io/cucumber/cucumber-java/4.2.0/cucumber-java-4.2.0.jar:/Users/uthmanmusleh/.m2/repository/io/cucumber/cucumber-core/4.2.0/cucumber-core-4.2.0.jar:/Users/uthmanmusleh/.m2/repository/io/cucumber/cucumber-html/0.2.7/cucumber-html-0.2.7.jar:/Users/uthmanmusleh/.m2/repository/io/cucumber/gherkin/5.1.0/gherkin-5.1.0.jar:/Users/uthmanmusleh/.m2/repository/io/cucumber/tag-expressions/1.1.1/tag-expressions-1.1.1.jar:/Users/uthmanmusleh/.m2/repository/io/cucumber/cucumber-expressions/6.2.0/cucumber-expressions-6.2.0.jar:/Users/uthmanmusleh/.m2/repository/io/cucumber/datatable/1.1.7/datatable-1.1.7.jar:/Users/uthmanmusleh/.m2/repository/io/cucumber/datatable-dependencies/1.1.7/datatable-dependencies-1.1.7.jar:/Users/uthmanmusleh/.m2/repository/io/cucumber/cucumber-junit/4.2.0/cucumber-junit-4.2.0.jar:/Users/uthmanmusleh/.m2/repository/junit/junit/4.12/junit-4.12.jar:/Users/uthmanmusleh/.m2/repository/org/hamcrest/hamcrest-core/1.3/hamcrest-core-1.3.jar:/Users/uthmanmusleh/.m2/repository/com/github/javafaker/javafaker/1.0.2/javafaker-1.0.2.jar:/Users/uthmanmusleh/.m2/repository/org/yaml/snakeyaml/1.23/snakeyaml-1.23-android.jar:/Users/uthmanmusleh/.m2/repository/com/github/mifmif/generex/1.0.2/generex-1.0.2.jar:/Users/uthmanmusleh/.m2/repository/dk/brics/automaton/automaton/1.11-8/automaton-1.11-8.jar:"/>
    <property name="sun.cpu.endian" value="little"/>
    <property name="user.home" value="/Users/uthmanmusleh"/>
    <property name="user.language" value="en"/>
    <property name="java.specification.vendor" value="Oracle Corporation"/>
    <property name="java.version.date" value="2022-04-19"/>
    <property name="java.home" value="/usr/local/Cellar/openjdk/18.0.1/libexec/openjdk.jdk/Contents/Home"/>
    <property name="file.separator" value="/"/>
    <property name="basedir" value="/Users/uthmanmusleh/IdeaProjects/cucumber_second_project"/>
    <property name="java.vm.compressedOopsMode" value="Zero based"/>
    <property name="line.separator" value="&#10;"/>
    <property name="java.vm.specification.vendor" value="Oracle Corporation"/>
    <property name="java.specification.name" value="Java Platform API Specification"/>
    <property name="apple.awt.application.name" value="ForkedBooter"/>
    <property name="surefire.real.class.path" value="/Users/uthmanmusleh/IdeaProjects/cucumber_second_project/target/surefire/surefirebooter5400802766891778232.jar"/>
    <property name="sun.management.compiler" value="HotSpot 64-Bit Tiered Compilers"/>
    <property name="ftp.nonProxyHosts" value="local|*.local|169.254/16|*.169.254/16"/>
    <property name="java.runtime.version" value="18.0.1+0"/>
    <property name="user.name" value="uthmanmusleh"/>
    <property name="path.separator" value=":"/>
    <property name="os.version" value="12.4"/>
    <property name="java.runtime.name" value="OpenJDK Runtime Environment"/>
    <property name="file.encoding" value="UTF-8"/>
    <property name="java.vm.name" value="OpenJDK 64-Bit Server VM"/>
    <property name="java.vendor.version" value="Homebrew"/>
    <property name="localRepository" value="/Users/uthmanmusleh/.m2/repository"/>
    <property name="cucumber.options" value="--tags @Smoke"/>
    <property name="java.vendor.url.bug" value="https://github.com/Homebrew/homebrew-core/issues"/>
    <property name="java.io.tmpdir" value="/var/folders/09/rldzht6j09bbmsvnq4t1vf5r0000gn/T/"/>
    <property name="java.version" value="18.0.1"/>
    <property name="user.dir" value="/Users/uthmanmusleh/IdeaProjects/cucumber_second_project"/>
    <property name="os.arch" value="x86_64"/>
    <property name="java.vm.specification.name" value="Java Virtual Machine Specification"/>
    <property name="native.encoding" value="UTF-8"/>
    <property name="java.library.path" value="/Users/uthmanmusleh/Library/Java/Extensions:/Library/Java/Extensions:/Network/Library/Java/Extensions:/System/Library/Java/Extensions:/usr/lib/java:."/>
    <property name="java.vm.info" value="mixed mode, sharing"/>
    <property name="java.vendor" value="Homebrew"/>
    <property name="java.vm.version" value="18.0.1+0"/>
    <property name="sun.io.unicode.encoding" value="UnicodeBig"/>
    <property name="socksNonProxyHosts" value="local|*.local|169.254/16|*.169.254/16"/>
    <property name="java.class.version" value="62.0"/>
  </properties>
  <testcase name="Validate invalid login attempt" classname="Smartbear Login Functionality" time="5.49"/>
  <testcase name="Validate valid login attempt" classname="Smartbear Login Functionality" time="5.155"/>
</testsuite>